06-Nov-2022 20:16:33.722 信息 [main] org.apache.catalina.core.ApplicationContext.log ContextListener: contextInitialized()
06-Nov-2022 20:16:33.722 信息 [main] org.apache.catalina.core.ApplicationContext.log SessionListener: contextInitialized()
06-Nov-2022 20:16:33.727 信息 [main] org.apache.catalina.core.ApplicationContext.log ContextListener: attributeAdded('StockTicker', 'async.Stockticker@119f1f2a')
06-Nov-2022 20:16:59.341 信息 [main] org.apache.catalina.core.ApplicationContext.log SessionListener: contextDestroyed()
06-Nov-2022 20:16:59.341 信息 [main] org.apache.catalina.core.ApplicationContext.log ContextListener: contextDestroyed()
06-Nov-2022 20:17:42.813 信息 [main] org.apache.catalina.core.ApplicationContext.log ContextListener: contextInitialized()
06-Nov-2022 20:17:42.813 信息 [main] org.apache.catalina.core.ApplicationContext.log SessionListener: contextInitialized()
06-Nov-2022 20:17:42.817 信息 [main] org.apache.catalina.core.ApplicationContext.log ContextListener: attributeAdded('StockTicker', 'async.Stockticker@5cc126dc')
06-Nov-2022 20:17:47.140 信息 [main] org.apache.catalina.core.ApplicationContext.log SessionListener: contextDestroyed()
06-Nov-2022 20:17:47.140 信息 [main] org.apache.catalina.core.ApplicationContext.log ContextListener: contextDestroyed()
06-Nov-2022 20:19:15.558 信息 [main] org.apache.catalina.core.ApplicationContext.log ContextListener: contextInitialized()
06-Nov-2022 20:19:15.558 信息 [main] org.apache.catalina.core.ApplicationContext.log SessionListener: contextInitialized()
06-Nov-2022 20:19:15.561 信息 [main] org.apache.catalina.core.ApplicationContext.log ContextListener: attributeAdded('StockTicker', 'async.Stockticker@475835b1')
06-Nov-2022 20:19:31.780 信息 [main] org.apache.catalina.core.ApplicationContext.log SessionListener: contextDestroyed()
06-Nov-2022 20:19:31.780 信息 [main] org.apache.catalina.core.ApplicationContext.log ContextListener: contextDestroyed()
06-Nov-2022 20:28:27.765 信息 [main] org.apache.catalina.core.ApplicationContext.log ContextListener: contextInitialized()
06-Nov-2022 20:28:27.765 信息 [main] org.apache.catalina.core.ApplicationContext.log SessionListener: contextInitialized()
06-Nov-2022 20:28:27.770 信息 [main] org.apache.catalina.core.ApplicationContext.log ContextListener: attributeAdded('StockTicker', 'async.Stockticker@5f2606b')
06-Nov-2022 20:42:57.760 信息 [main] org.apache.catalina.core.ApplicationContext.log ContextListener: contextInitialized()
06-Nov-2022 20:42:57.760 信息 [main] org.apache.catalina.core.ApplicationContext.log SessionListener: contextInitialized()
06-Nov-2022 20:42:57.766 信息 [main] org.apache.catalina.core.ApplicationContext.log ContextListener: attributeAdded('StockTicker', 'async.Stockticker@1d9bec4d')
06-Nov-2022 20:43:05.152 信息 [main] org.apache.catalina.core.ApplicationContext.log SessionListener: contextDestroyed()
06-Nov-2022 20:43:05.152 信息 [main] org.apache.catalina.core.ApplicationContext.log ContextListener: contextDestroyed()
